<?xml version="1.0" encoding="UTF-8"?>
<!-- Generated by org.testng.reporters.JUnitReportReporter -->
<testsuite ignored="0" hostname="DESKTOP-3I9ECIR" failures="0" tests="3" name="com.testpractice.SeleniumPracticeDec12" time="49.411" errors="0" timestamp="14 Dec 2021 04:23:57 GMT" skipped="0">
  <testcase classname="com.testpractice.SeleniumPracticeDec12" name="VerifyFacebookPageFireFox" time="15.041"/>
  <testcase classname="com.testpractice.SeleniumPracticeDec12" name="VerifySpeakLanguageLoginPage" time="23.574"/>
  <testcase classname="com.testpractice.SeleniumPracticeDec12" name="VerifyFacebookPageChrome" time="10.796"/>
</testsuite> <!-- com.testpractice.SeleniumPracticeDec12 -->
