<?xml version="1.0" encoding="UTF-8"?>
<!-- Generated by org.testng.reporters.JUnitReportReporter -->
<testsuite ignored="0" hostname="DESKTOP-3I9ECIR" failures="0" tests="2" name="com.testpractice.TestNGDemoDec12" time="0.027" errors="0" timestamp="16 Dec 2021 15:50:26 GMT" skipped="0">
  <testcase classname="com.testpractice.TestNGDemoDec12" name="testCase2" time="0.009"/>
  <testcase classname="com.testpractice.TestNGDemoDec12" name="testCase1" time="0.018"/>
</testsuite> <!-- com.testpractice.TestNGDemoDec12 -->
