<?xml version="1.0" encoding="UTF-8"?>
<!-- Generated by org.testng.reporters.JUnitReportReporter -->
<testsuite ignored="0" hostname="DESKTOP-3I9ECIR" failures="0" tests="1" name="com.testpractice.SeleniumPractice" time="11.632" errors="0" timestamp="11 Dec 2021 05:17:32 GMT" skipped="0">
  <testcase classname="com.testpractice.SeleniumPractice" name="VerifyFacebookPage" time="11.632"/>
</testsuite> <!-- com.testpractice.SeleniumPractice -->
