<?xml version="1.0" encoding="UTF-8"?>
<!-- Generated by org.testng.reporters.JUnitReportReporter -->
<testsuite ignored="2" hostname="DESKTOP-3I9ECIR" failures="0" tests="2" name="com.testpractice.TestNGDemoDec13" time="0.018" errors="0" timestamp="16 Dec 2021 16:02:49 GMT" skipped="0">
  <testcase classname="com.testpractice.TestNGDemoDec13" name="testCase1" time="0.016"/>
  <testcase classname="com.testpractice.TestNGDemoDec13" name="testCase2" time="0.002"/>
  <testcase classname="com.testpractice.TestNGDemoDec13" name="testCase3">
    <skipped/>
  </testcase> <!-- testCase3 -->
  <testcase classname="com.testpractice.TestNGDemoDec13" name="testCase4">
    <skipped/>
  </testcase> <!-- testCase4 -->
</testsuite> <!-- com.testpractice.TestNGDemoDec13 -->
