<?xml version="1.0" encoding="UTF-8"?>
<!-- Generated by org.testng.reporters.JUnitReportReporter -->
<testsuite ignored="0" hostname="DESKTOP-3I9ECIR" failures="0" tests="1" name="com.tests.TestNgAnnotationsDemo" time="0.006" errors="0" timestamp="14 Dec 2021 04:58:39 GMT" skipped="0">
  <testcase classname="com.tests.TestNgAnnotationsDemo" name="myTestCase" time="0.006"/>
</testsuite> <!-- com.tests.TestNgAnnotationsDemo -->
