<?xml version="1.0" encoding="UTF-8"?>
<!-- Generated by org.testng.reporters.JUnitReportReporter -->
<testsuite ignored="0" hostname="DESKTOP-3I9ECIR" failures="0" tests="2" name="com.testpractice.SeleniumPracticeDec11" time="30.922" errors="0" timestamp="14 Dec 2021 03:11:11 GMT" skipped="0">
  <testcase classname="com.testpractice.SeleniumPracticeDec11" name="VerifyFacebookPageFireFox" time="17.485"/>
  <testcase classname="com.testpractice.SeleniumPracticeDec11" name="VerifyFacebookPageChrome" time="13.437"/>
</testsuite> <!-- com.testpractice.SeleniumPracticeDec11 -->
