<?xml version="1.0" encoding="UTF-8"?>
<!-- Generated by org.testng.reporters.JUnitReportReporter -->
<testsuite ignored="1" hostname="DESKTOP-3I9ECIR" failures="0" tests="1" name="com.tests.SeleniumDemo" time="6.483" errors="0" timestamp="16 Dec 2021 16:10:17 GMT" skipped="0">
  <testcase classname="com.tests.SeleniumDemo" name="verifyMyApp" time="6.483"/>
  <testcase classname="com.tests.SeleniumDemo" name="verifyLogin">
    <skipped/>
  </testcase> <!-- verifyLogin -->
</testsuite> <!-- com.tests.SeleniumDemo -->
